{"\/Users\/samsonasik\/www\/GithubModules\/ApigilityConsumer\/src\/Error\/SpecialErrorMessage.php":{"path":"\/Users\/samsonasik\/www\/GithubModules\/ApigilityConsumer\/src\/Error\/SpecialErrorMessage.php","s":[],"f":[],"b":[],"statementMap":[],"fnMap":[],"branchMap":[]},"\/Users\/samsonasik\/www\/GithubModules\/ApigilityConsumer\/src\/Module.php":{"path":"\/Users\/samsonasik\/www\/GithubModules\/ApigilityConsumer\/src\/Module.php","s":{"1":1},"f":{"1":1},"b":[],"statementMap":{"1":{"start":{"line":9,"column":0},"end":{"line":9,"column":1}}},"fnMap":{"1":{"name":"getConfig","line":7,"loc":{"start":{"line":7,"column":0},"end":{"line":10,"column":false}}}},"branchMap":[]},"\/Users\/samsonasik\/www\/GithubModules\/ApigilityConsumer\/src\/Result\/ClientAuthResult.php":{"path":"\/Users\/samsonasik\/www\/GithubModules\/ApigilityConsumer\/src\/Result\/ClientAuthResult.php","s":{"1":2,"2":1,"3":1,"4":1,"5":1,"6":1,"7":1,"8":0,"9":0,"10":0,"11":0,"12":0,"13":0,"14":2,"15":2,"16":2,"17":2},"f":{"1":2,"2":0,"3":2},"b":[],"statementMap":{"1":{"start":{"line":39,"column":0},"end":{"line":39,"column":27}},"2":{"start":{"line":41,"column":0},"end":{"line":41,"column":20}},"3":{"start":{"line":43,"column":0},"end":{"line":43,"column":55}},"4":{"start":{"line":48,"column":0},"end":{"line":48,"column":51}},"5":{"start":{"line":50,"column":0},"end":{"line":50,"column":52}},"6":{"start":{"line":56,"column":0},"end":{"line":56,"column":36}},"7":{"start":{"line":58,"column":0},"end":{"line":58,"column":55}},"8":{"start":{"line":62,"column":0},"end":{"line":62,"column":54}},"9":{"start":{"line":65,"column":0},"end":{"line":65,"column":51}},"10":{"start":{"line":77,"column":0},"end":{"line":77,"column":28}},"11":{"start":{"line":78,"column":0},"end":{"line":78,"column":31}},"12":{"start":{"line":79,"column":0},"end":{"line":79,"column":31}},"13":{"start":{"line":81,"column":0},"end":{"line":81,"column":23}},"14":{"start":{"line":94,"column":0},"end":{"line":94,"column":28}},"15":{"start":{"line":95,"column":0},"end":{"line":95,"column":32}},"16":{"start":{"line":98,"column":0},"end":{"line":98,"column":19}},"17":{"start":{"line":100,"column":0},"end":{"line":100,"column":23}}},"fnMap":{"1":{"name":"applyResult","line":37,"loc":{"start":{"line":37,"column":0},"end":{"line":66,"column":false}}},"2":{"name":"fromSucceed","line":75,"loc":{"start":{"line":75,"column":0},"end":{"line":82,"column":false}}},"3":{"name":"fromFailure","line":92,"loc":{"start":{"line":92,"column":0},"end":{"line":101,"column":false}}}},"branchMap":[]},"\/Users\/samsonasik\/www\/GithubModules\/ApigilityConsumer\/src\/Result\/ClientResult.php":{"path":"\/Users\/samsonasik\/www\/GithubModules\/ApigilityConsumer\/src\/Result\/ClientResult.php","s":{"1":1,"2":1,"3":3,"4":3,"5":1,"6":1,"7":1,"8":1,"9":1,"10":1,"11":1,"12":1,"13":3,"14":3,"15":2,"16":1,"17":3},"f":{"1":3,"2":1,"3":3},"b":[],"statementMap":{"1":{"start":{"line":52,"column":0},"end":{"line":52,"column":20}},"2":{"start":{"line":54,"column":0},"end":{"line":54,"column":55}},"3":{"start":{"line":59,"column":0},"end":{"line":59,"column":51}},"4":{"start":{"line":61,"column":0},"end":{"line":61,"column":52}},"5":{"start":{"line":67,"column":0},"end":{"line":67,"column":36}},"6":{"start":{"line":69,"column":0},"end":{"line":69,"column":55}},"7":{"start":{"line":73,"column":0},"end":{"line":73,"column":54}},"8":{"start":{"line":76,"column":0},"end":{"line":76,"column":51}},"9":{"start":{"line":90,"column":0},"end":{"line":90,"column":28}},"10":{"start":{"line":91,"column":0},"end":{"line":91,"column":31}},"11":{"start":{"line":92,"column":0},"end":{"line":92,"column":34}},"12":{"start":{"line":94,"column":0},"end":{"line":94,"column":31}},"13":{"start":{"line":106,"column":0},"end":{"line":106,"column":28}},"14":{"start":{"line":107,"column":0},"end":{"line":107,"column":32}},"15":{"start":{"line":112,"column":0},"end":{"line":112,"column":23}},"16":{"start":{"line":116,"column":0},"end":{"line":116,"column":24}},"17":{"start":{"line":119,"column":0},"end":{"line":119,"column":23}}},"fnMap":{"1":{"name":"applyResult","line":49,"loc":{"start":{"line":49,"column":0},"end":{"line":77,"column":false}}},"2":{"name":"fromSucceed","line":88,"loc":{"start":{"line":88,"column":0},"end":{"line":95,"column":false}}},"3":{"name":"fromFailure","line":104,"loc":{"start":{"line":104,"column":0},"end":{"line":120,"column":false}}}},"branchMap":[]},"\/Users\/samsonasik\/www\/GithubModules\/ApigilityConsumer\/src\/Result\/ResultInterface.php":{"path":"\/Users\/samsonasik\/www\/GithubModules\/ApigilityConsumer\/src\/Result\/ResultInterface.php","s":[],"f":{"1":0},"b":[],"statementMap":[],"fnMap":{"1":{"name":"applyResult","line":12,"loc":{"start":{"line":12,"column":0},"end":{"line":12,"column":false}}}},"branchMap":[]},"\/Users\/samsonasik\/www\/GithubModules\/ApigilityConsumer\/src\/Service\/ClientApiInterface.php":{"path":"\/Users\/samsonasik\/www\/GithubModules\/ApigilityConsumer\/src\/Service\/ClientApiInterface.php","s":[],"f":{"1":0},"b":[],"statementMap":[],"fnMap":{"1":{"name":"callAPI","line":17,"loc":{"start":{"line":17,"column":0},"end":{"line":17,"column":false}}}},"branchMap":[]},"\/Users\/samsonasik\/www\/GithubModules\/ApigilityConsumer\/src\/Service\/ClientAuthService.php":{"path":"\/Users\/samsonasik\/www\/GithubModules\/ApigilityConsumer\/src\/Service\/ClientAuthService.php","s":{"1":0,"2":0,"3":0,"4":0,"5":0,"6":0,"7":0,"8":0,"9":0,"10":0,"11":0,"12":0,"13":0,"14":0,"15":0,"16":0,"17":0,"18":0,"19":0,"20":0},"f":{"1":0,"2":0,"3":0},"b":[],"statementMap":{"1":{"start":{"line":32,"column":0},"end":{"line":32,"column":41}},"2":{"start":{"line":33,"column":0},"end":{"line":33,"column":41}},"3":{"start":{"line":34,"column":0},"end":{"line":34,"column":41}},"4":{"start":{"line":52,"column":0},"end":{"line":52,"column":12}},"5":{"start":{"line":60,"column":0},"end":{"line":60,"column":13}},"6":{"start":{"line":62,"column":0},"end":{"line":62,"column":69}},"7":{"start":{"line":64,"column":0},"end":{"line":64,"column":50}},"8":{"start":{"line":65,"column":0},"end":{"line":65,"column":3}},"9":{"start":{"line":66,"column":0},"end":{"line":66,"column":3}},"10":{"start":{"line":69,"column":0},"end":{"line":69,"column":39}},"11":{"start":{"line":70,"column":0},"end":{"line":70,"column":15}},"12":{"start":{"line":74,"column":0},"end":{"line":74,"column":51}},"13":{"start":{"line":76,"column":0},"end":{"line":76,"column":40}},"14":{"start":{"line":77,"column":0},"end":{"line":77,"column":3}},"15":{"start":{"line":81,"column":0},"end":{"line":81,"column":52}},"16":{"start":{"line":84,"column":0},"end":{"line":84,"column":55}},"17":{"start":{"line":97,"column":0},"end":{"line":97,"column":50}},"18":{"start":{"line":103,"column":0},"end":{"line":103,"column":119}},"19":{"start":{"line":113,"column":0},"end":{"line":113,"column":36}},"20":{"start":{"line":116,"column":0},"end":{"line":116,"column":69}}},"fnMap":{"1":{"name":"__construct","line":30,"loc":{"start":{"line":30,"column":0},"end":{"line":35,"column":false}}},"2":{"name":"callAPI","line":47,"loc":{"start":{"line":47,"column":0},"end":{"line":85,"column":false}}},"3":{"name":"getClientAuthResult","line":95,"loc":{"start":{"line":95,"column":0},"end":{"line":117,"column":false}}}},"branchMap":[]},"\/Users\/samsonasik\/www\/GithubModules\/ApigilityConsumer\/src\/Service\/ClientAuthServiceFactory.php":{"path":"\/Users\/samsonasik\/www\/GithubModules\/ApigilityConsumer\/src\/Service\/ClientAuthServiceFactory.php","s":{"1":0,"2":0,"3":0},"f":{"1":0},"b":[],"statementMap":{"1":{"start":{"line":21,"column":0},"end":{"line":21,"column":2}},"2":{"start":{"line":22,"column":0},"end":{"line":22,"column":40}},"3":{"start":{"line":28,"column":0},"end":{"line":28,"column":12}}},"fnMap":{"1":{"name":"__invoke","line":19,"loc":{"start":{"line":19,"column":0},"end":{"line":29,"column":false}}}},"branchMap":[]},"\/Users\/samsonasik\/www\/GithubModules\/ApigilityConsumer\/src\/Service\/ClientService.php":{"path":"\/Users\/samsonasik\/www\/GithubModules\/ApigilityConsumer\/src\/Service\/ClientService.php","s":{"1":0,"2":0,"3":0,"4":0,"5":0,"6":0,"7":0,"8":0,"9":0,"10":0,"11":0,"12":0,"13":0,"14":0,"15":0,"16":0,"17":0,"18":0,"19":0,"20":0,"21":0,"22":0},"f":{"1":0,"2":0,"3":0},"b":[],"statementMap":{"1":{"start":{"line":22,"column":0},"end":{"line":22,"column":41}},"2":{"start":{"line":23,"column":0},"end":{"line":23,"column":41}},"3":{"start":{"line":38,"column":0},"end":{"line":38,"column":23}},"4":{"start":{"line":43,"column":0},"end":{"line":43,"column":17}},"5":{"start":{"line":49,"column":0},"end":{"line":49,"column":11}},"6":{"start":{"line":50,"column":0},"end":{"line":50,"column":4}},"7":{"start":{"line":53,"column":0},"end":{"line":53,"column":39}},"8":{"start":{"line":54,"column":0},"end":{"line":54,"column":15}},"9":{"start":{"line":57,"column":0},"end":{"line":57,"column":50}},"10":{"start":{"line":58,"column":0},"end":{"line":58,"column":3}},"11":{"start":{"line":59,"column":0},"end":{"line":59,"column":3}},"12":{"start":{"line":62,"column":0},"end":{"line":62,"column":51}},"13":{"start":{"line":64,"column":0},"end":{"line":64,"column":40}},"14":{"start":{"line":65,"column":0},"end":{"line":65,"column":3}},"15":{"start":{"line":69,"column":0},"end":{"line":69,"column":52}},"16":{"start":{"line":72,"column":0},"end":{"line":72,"column":51}},"17":{"start":{"line":88,"column":0},"end":{"line":88,"column":45}},"18":{"start":{"line":95,"column":0},"end":{"line":95,"column":36}},"19":{"start":{"line":98,"column":0},"end":{"line":98,"column":51}},"20":{"start":{"line":104,"column":0},"end":{"line":104,"column":119}},"21":{"start":{"line":107,"column":0},"end":{"line":107,"column":46}},"22":{"start":{"line":109,"column":0},"end":{"line":109,"column":65}}},"fnMap":{"1":{"name":"__construct","line":20,"loc":{"start":{"line":20,"column":0},"end":{"line":24,"column":false}}},"2":{"name":"callAPI","line":36,"loc":{"start":{"line":36,"column":0},"end":{"line":73,"column":false}}},"3":{"name":"getClientResult","line":86,"loc":{"start":{"line":86,"column":0},"end":{"line":110,"column":false}}}},"branchMap":[]},"\/Users\/samsonasik\/www\/GithubModules\/ApigilityConsumer\/src\/Service\/ClientServiceFactory.php":{"path":"\/Users\/samsonasik\/www\/GithubModules\/ApigilityConsumer\/src\/Service\/ClientServiceFactory.php","s":{"1":0,"2":0,"3":0},"f":{"1":0},"b":[],"statementMap":{"1":{"start":{"line":21,"column":0},"end":{"line":21,"column":2}},"2":{"start":{"line":22,"column":0},"end":{"line":22,"column":40}},"3":{"start":{"line":27,"column":0},"end":{"line":27,"column":37}}},"fnMap":{"1":{"name":"__invoke","line":19,"loc":{"start":{"line":19,"column":0},"end":{"line":28,"column":false}}}},"branchMap":[]}}