<?xml version="1.0" encoding="UTF-8"?>
<coverage generated="1475498037">
  <project timestamp="1475498037">
    <file name="/Users/samsonasik/www/GithubModules/ApigilityConsumer/src/Error/SpecialErrorMessage.php"/>
    <file name="/Users/samsonasik/www/GithubModules/ApigilityConsumer/src/Module.php">
      <line num="9" type="stmt" count="1"/>
    </file>
    <file name="/Users/samsonasik/www/GithubModules/ApigilityConsumer/src/Result/ClientAuthResult.php">
      <line num="39" type="stmt" count="8"/>
      <line num="41" type="stmt" count="5"/>
      <line num="43" type="stmt" count="5"/>
      <line num="48" type="stmt" count="3"/>
      <line num="50" type="stmt" count="3"/>
      <line num="56" type="stmt" count="1"/>
      <line num="58" type="stmt" count="1"/>
      <line num="62" type="stmt" count="1"/>
      <line num="65" type="stmt" count="1"/>
      <line num="77" type="stmt" count="1"/>
      <line num="78" type="stmt" count="1"/>
      <line num="79" type="stmt" count="1"/>
      <line num="81" type="stmt" count="1"/>
      <line num="94" type="stmt" count="7"/>
      <line num="95" type="stmt" count="7"/>
      <line num="98" type="stmt" count="7"/>
      <line num="100" type="stmt" count="7"/>
    </file>
    <file name="/Users/samsonasik/www/GithubModules/ApigilityConsumer/src/Result/ClientResult.php">
      <line num="49" type="stmt" count="4"/>
      <line num="51" type="stmt" count="4"/>
      <line num="56" type="stmt" count="4"/>
      <line num="58" type="stmt" count="4"/>
      <line num="64" type="stmt" count="1"/>
      <line num="66" type="stmt" count="1"/>
      <line num="70" type="stmt" count="1"/>
      <line num="73" type="stmt" count="2"/>
      <line num="85" type="stmt" count="2"/>
      <line num="86" type="stmt" count="2"/>
      <line num="87" type="stmt" count="2"/>
      <line num="89" type="stmt" count="2"/>
      <line num="101" type="stmt" count="6"/>
      <line num="102" type="stmt" count="6"/>
      <line num="107" type="stmt" count="5"/>
      <line num="111" type="stmt" count="1"/>
      <line num="114" type="stmt" count="6"/>
    </file>
    <file name="/Users/samsonasik/www/GithubModules/ApigilityConsumer/src/Result/ResultInterface.php"/>
    <file name="/Users/samsonasik/www/GithubModules/ApigilityConsumer/src/Service/ClientApiInterface.php"/>
    <file name="/Users/samsonasik/www/GithubModules/ApigilityConsumer/src/Service/ClientAuthService.php">
      <line num="32" type="stmt" count="2"/>
      <line num="33" type="stmt" count="2"/>
      <line num="34" type="stmt" count="2"/>
      <line num="52" type="stmt" count="4"/>
      <line num="58" type="stmt" count="4"/>
      <line num="64" type="stmt" count="3"/>
      <line num="67" type="stmt" count="4"/>
      <line num="69" type="stmt" count="4"/>
      <line num="70" type="stmt" count="4"/>
      <line num="71" type="stmt" count="4"/>
      <line num="74" type="stmt" count="1"/>
      <line num="75" type="stmt" count="1"/>
      <line num="79" type="stmt" count="4"/>
      <line num="81" type="stmt" count="2"/>
      <line num="82" type="stmt" count="2"/>
      <line num="86" type="stmt" count="2"/>
      <line num="89" type="stmt" count="4"/>
      <line num="102" type="stmt" count="4"/>
      <line num="108" type="stmt" count="2"/>
      <line num="117" type="stmt" count="1"/>
      <line num="120" type="stmt" count="4"/>
    </file>
    <file name="/Users/samsonasik/www/GithubModules/ApigilityConsumer/src/Service/ClientAuthServiceFactory.php">
      <line num="16" type="stmt" count="1"/>
      <line num="17" type="stmt" count="1"/>
      <line num="23" type="stmt" count="1"/>
    </file>
    <file name="/Users/samsonasik/www/GithubModules/ApigilityConsumer/src/Service/ClientService.php">
      <line num="22" type="stmt" count="1"/>
      <line num="23" type="stmt" count="1"/>
      <line num="38" type="stmt" count="4"/>
      <line num="43" type="stmt" count="1"/>
      <line num="49" type="stmt" count="4"/>
      <line num="50" type="stmt" count="4"/>
      <line num="53" type="stmt" count="1"/>
      <line num="54" type="stmt" count="1"/>
      <line num="57" type="stmt" count="4"/>
      <line num="58" type="stmt" count="4"/>
      <line num="59" type="stmt" count="4"/>
      <line num="62" type="stmt" count="4"/>
      <line num="64" type="stmt" count="1"/>
      <line num="65" type="stmt" count="1"/>
      <line num="69" type="stmt" count="1"/>
      <line num="72" type="stmt" count="4"/>
      <line num="88" type="stmt" count="4"/>
      <line num="95" type="stmt" count="3"/>
      <line num="98" type="stmt" count="4"/>
      <line num="104" type="stmt" count="2"/>
      <line num="107" type="stmt" count="4"/>
      <line num="109" type="stmt" count="4"/>
    </file>
    <file name="/Users/samsonasik/www/GithubModules/ApigilityConsumer/src/Service/ClientServiceFactory.php">
      <line num="16" type="stmt" count="1"/>
      <line num="17" type="stmt" count="1"/>
      <line num="22" type="stmt" count="1"/>
    </file>
    <metrics loc="518" ncloc="434" statements="84" coveredstatements="84"/>
  </project>
</coverage>
