TN:
SF:/Users/samsonasik/www/GithubModules/ApigilityConsumer/src/Error/SpecialErrorMessage.php
FNF:0
FNH:0
LF:0
LH:0
BRF:0
BRH:0
end_of_record
TN:
SF:/Users/samsonasik/www/GithubModules/ApigilityConsumer/src/Module.php
FN:7,getConfig
FNF:1
FNH:1
FNDA:1,getConfig
DA:9,1
LF:1
LH:1
BRF:0
BRH:0
end_of_record
TN:
SF:/Users/samsonasik/www/GithubModules/ApigilityConsumer/src/Result/ClientAuthResult.php
FN:37,applyResult
FN:75,fromSucceed
FN:92,fromFailure
FNF:3
FNH:2
FNDA:2,applyResult
FNDA:0,fromSucceed
FNDA:2,fromFailure
DA:39,2
DA:41,1
DA:43,1
DA:48,1
DA:50,1
DA:56,1
DA:58,1
DA:62,0
DA:65,0
DA:77,0
DA:78,0
DA:79,0
DA:81,0
DA:94,2
DA:95,2
DA:98,2
DA:100,2
LF:17
LH:11
BRF:0
BRH:0
end_of_record
TN:
SF:/Users/samsonasik/www/GithubModules/ApigilityConsumer/src/Result/ClientResult.php
FN:49,applyResult
FN:88,fromSucceed
FN:104,fromFailure
FNF:3
FNH:3
FNDA:3,applyResult
FNDA:1,fromSucceed
FNDA:3,fromFailure
DA:52,1
DA:54,1
DA:59,3
DA:61,3
DA:67,1
DA:69,1
DA:73,1
DA:76,1
DA:90,1
DA:91,1
DA:92,1
DA:94,1
DA:106,3
DA:107,3
DA:112,2
DA:116,1
DA:119,3
LF:17
LH:17
BRF:0
BRH:0
end_of_record
TN:
SF:/Users/samsonasik/www/GithubModules/ApigilityConsumer/src/Result/ResultInterface.php
FN:12,applyResult
FNF:1
FNH:0
FNDA:0,applyResult
LF:0
LH:0
BRF:0
BRH:0
end_of_record
TN:
SF:/Users/samsonasik/www/GithubModules/ApigilityConsumer/src/Service/ClientApiInterface.php
FN:17,callAPI
FNF:1
FNH:0
FNDA:0,callAPI
LF:0
LH:0
BRF:0
BRH:0
end_of_record
TN:
SF:/Users/samsonasik/www/GithubModules/ApigilityConsumer/src/Service/ClientAuthService.php
FN:30,__construct
FN:47,callAPI
FN:95,getClientAuthResult
FNF:3
FNH:0
FNDA:0,__construct
FNDA:0,callAPI
FNDA:0,getClientAuthResult
DA:32,0
DA:33,0
DA:34,0
DA:52,0
DA:60,0
DA:62,0
DA:64,0
DA:65,0
DA:66,0
DA:69,0
DA:70,0
DA:74,0
DA:76,0
DA:77,0
DA:81,0
DA:84,0
DA:97,0
DA:103,0
DA:113,0
DA:116,0
LF:20
LH:0
BRF:0
BRH:0
end_of_record
TN:
SF:/Users/samsonasik/www/GithubModules/ApigilityConsumer/src/Service/ClientAuthServiceFactory.php
FN:19,__invoke
FNF:1
FNH:0
FNDA:0,__invoke
DA:21,0
DA:22,0
DA:28,0
LF:3
LH:0
BRF:0
BRH:0
end_of_record
TN:
SF:/Users/samsonasik/www/GithubModules/ApigilityConsumer/src/Service/ClientService.php
FN:20,__construct
FN:36,callAPI
FN:86,getClientResult
FNF:3
FNH:0
FNDA:0,__construct
FNDA:0,callAPI
FNDA:0,getClientResult
DA:22,0
DA:23,0
DA:38,0
DA:43,0
DA:49,0
DA:50,0
DA:53,0
DA:54,0
DA:57,0
DA:58,0
DA:59,0
DA:62,0
DA:64,0
DA:65,0
DA:69,0
DA:72,0
DA:88,0
DA:95,0
DA:98,0
DA:104,0
DA:107,0
DA:109,0
LF:22
LH:0
BRF:0
BRH:0
end_of_record
TN:
SF:/Users/samsonasik/www/GithubModules/ApigilityConsumer/src/Service/ClientServiceFactory.php
FN:19,__invoke
FNF:1
FNH:0
FNDA:0,__invoke
DA:21,0
DA:22,0
DA:27,0
LF:3
LH:0
BRF:0
BRH:0
end_of_record
